Unity Editor version:    2021.3.4f1 (cb45f9cae8b7)
Branch:                  2021.3/staging
Build type:              Release
Batch mode:              YES
macOS version:           Version 11.6.6 (Build 20G624)
Darwin version:          20.6.0
Architecture:            x86_64
Running under Rosetta:   NO
Available memory:        32768 MB
Using pre-set license
Pro License: YES

COMMAND LINE ARGUMENTS:
/opt/goinfre/kferterb/2021.3.4f1/Unity.app/Contents/MacOS/Unity
-adb2
-batchMode
-noUpm
-name
AssetImportWorker0
-projectPath
/opt/goinfre/kferterb/my/day00
-logFile
Logs/AssetImportWorker0.log
-srvPort
51703
Successfully changed project path to: /opt/goinfre/kferterb/my/day00
/opt/goinfre/kferterb/my/day00
[UnityMemory] Configuration Parameters - Can be set up in boot.config
    "memorysetup-bucket-allocator-granularity=16"
    "memorysetup-bucket-allocator-bucket-count=8"
    "memorysetup-bucket-allocator-block-size=33554432"
    "memorysetup-bucket-allocator-block-count=8"
    "memorysetup-main-allocator-block-size=16777216"
    "memorysetup-thread-allocator-block-size=16777216"
    "memorysetup-gfx-main-allocator-block-size=16777216"
    "memorysetup-gfx-thread-allocator-block-size=16777216"
    "memorysetup-cache-allocator-block-size=4194304"
    "memorysetup-typetree-allocator-block-size=2097152"
    "memorysetup-profiler-bucket-allocator-granularity=16"
    "memorysetup-profiler-bucket-allocator-bucket-count=8"
    "memorysetup-profiler-bucket-allocator-block-size=33554432"
    "memorysetup-profiler-bucket-allocator-block-count=8"
    "memorysetup-profiler-allocator-block-size=16777216"
    "memorysetup-profiler-editor-allocator-block-size=1048576"
    "memorysetup-temp-allocator-size-main=16777216"
    "memorysetup-job-temp-allocator-block-size=2097152"
    "memorysetup-job-temp-allocator-block-size-background=1048576"
    "memorysetup-job-temp-allocator-reduction-small-platforms=262144"
    "memorysetup-temp-allocator-size-background-worker=32768"
    "memorysetup-temp-allocator-size-job-worker=262144"
    "memorysetup-temp-allocator-size-preload-manager=33554432"
    "memorysetup-temp-allocator-size-nav-mesh-worker=65536"
    "memorysetup-temp-allocator-size-audio-worker=65536"
    "memorysetup-temp-allocator-size-cloud-worker=32768"
    "memorysetup-temp-allocator-size-gi-baking-worker=262144"
    "memorysetup-temp-allocator-size-gfx=262144"
Refreshing native plugins compatible for Editor in 99.29 ms, found 3 plugins.
Preloading 0 native plugins for Editor in 0.00 ms.
Initialize engine version: 2021.3.4f1 (cb45f9cae8b7)
[Subsystems] Discovering subsystems at path /opt/goinfre/kferterb/2021.3.4f1/Unity.app/Contents/Resources/UnitySubsystems
[Subsystems] Discovering subsystems at path /opt/goinfre/kferterb/my/day00/Assets
GfxDevice: creating device client; threaded=0; jobified=0
iMac preferred device: AMD Radeon Pro 570X (high power)
Metal devices available: 1
0: AMD Radeon Pro 570X (high power)
Using device AMD Radeon Pro 570X (high power)
Initializing Metal device caps: AMD Radeon Pro 570X
Initialize mono
Mono path[0] = '/opt/goinfre/kferterb/2021.3.4f1/Unity.app/Contents/Managed'
Mono path[1] = '/opt/goinfre/kferterb/2021.3.4f1/Unity.app/Contents/MonoBleedingEdge/lib/mono/unityjit-macos'
Mono config path = '/opt/goinfre/kferterb/2021.3.4f1/Unity.app/Contents/MonoBleedingEdge/etc'
Using monoOptions --debugger-agent=transport=dt_socket,embedding=1,server=y,suspend=n,address=127.0.0.1:56778
Begin MonoManager ReloadAssembly
Registering precompiled unity dll's ...
Register platform support module: /opt/goinfre/kferterb/2021.3.4f1/PlaybackEngines/WebGLSupport/UnityEditor.WebGL.Extensions.dll
Register platform support module: /opt/goinfre/kferterb/2021.3.4f1/Unity.app/Contents/PlaybackEngines/MacStandaloneSupport/UnityEditor.OSXStandalone.Extensions.dll
Registered in 0.001116 seconds.
Native extension for OSXStandalone target not found
Native extension for WebGL target not found
Refreshing native plugins compatible for Editor in 98.00 ms, found 3 plugins.
Preloading 0 native plugins for Editor in 0.00 ms.
Mono: successfully reloaded assembly
- Completed reload, in  0.730 seconds
Domain Reload Profiling:
	ReloadAssembly (730ms)
		BeginReloadAssembly (58ms)
			ExecutionOrderSort (0ms)
			DisableScriptedObjects (0ms)
			BackupInstance (0ms)
			ReleaseScriptingObjects (0ms)
			CreateAndSetChildDomain (1ms)
		EndReloadAssembly (536ms)
			LoadAssemblies (57ms)
			RebuildTransferFunctionScriptingTraits (0ms)
			SetupTypeCache (139ms)
			ReleaseScriptCaches (0ms)
			RebuildScriptCaches (36ms)
			SetupLoadedEditorAssemblies (308ms)
				LogAssemblyErrors (0ms)
				InitializePlatformSupportModulesInManaged (8ms)
				SetLoadedEditorAssemblies (0ms)
				RefreshPlugins (98ms)
				BeforeProcessingInitializeOnLoad (1ms)
				ProcessInitializeOnLoadAttributes (152ms)
				ProcessInitializeOnLoadMethodAttributes (48ms)
				AfterProcessingInitializeOnLoad (0ms)
				EditorAssembliesLoaded (0ms)
			ExecutionOrderSort2 (0ms)
			AwakeInstancesAfterBackupRestoration (0ms)
Platform modules already initialized, skipping
Registering precompiled user dll's ...
Registered in 0.002987 seconds.
Begin MonoManager ReloadAssembly
Symbol file LoadedFromMemory doesn't match image /opt/goinfre/kferterb/my/day00/Library/PackageCache/com.unity.visualscripting@1.7.8/Editor/VisualScripting.Core/Dependencies/YamlDotNet/Unity.VisualScripting.YamlDotNet.dll
Symbol file LoadedFromMemory doesn't match image /opt/goinfre/kferterb/my/day00/Library/PackageCache/com.unity.visualscripting@1.7.8/Editor/VisualScripting.Core/Dependencies/DotNetZip/Unity.VisualScripting.IonicZip.dll
Native extension for OSXStandalone target not found
Native extension for WebGL target not found
Refreshing native plugins compatible for Editor in 95.91 ms, found 3 plugins.
Preloading 0 native plugins for Editor in 0.00 ms.
Mono: successfully reloaded assembly
- Completed reload, in  1.302 seconds
Domain Reload Profiling:
	ReloadAssembly (1303ms)
		BeginReloadAssembly (108ms)
			ExecutionOrderSort (0ms)
			DisableScriptedObjects (7ms)
			BackupInstance (0ms)
			ReleaseScriptingObjects (0ms)
			CreateAndSetChildDomain (29ms)
		EndReloadAssembly (1057ms)
			LoadAssemblies (65ms)
			RebuildTransferFunctionScriptingTraits (0ms)
			SetupTypeCache (321ms)
			ReleaseScriptCaches (1ms)
			RebuildScriptCaches (70ms)
			SetupLoadedEditorAssemblies (535ms)
				LogAssemblyErrors (0ms)
				InitializePlatformSupportModulesInManaged (4ms)
				SetLoadedEditorAssemblies (0ms)
				RefreshPlugins (96ms)
				BeforeProcessingInitializeOnLoad (97ms)
				ProcessInitializeOnLoadAttributes (289ms)
				ProcessInitializeOnLoadMethodAttributes (46ms)
				AfterProcessingInitializeOnLoad (1ms)
				EditorAssembliesLoaded (0ms)
			ExecutionOrderSort2 (0ms)
			AwakeInstancesAfterBackupRestoration (4ms)
Platform modules already initialized, skipping
========================================================================
Worker process is ready to serve import requests
Launching external process: /opt/goinfre/kferterb/2021.3.4f1/Unity.app/Contents/Tools/UnityShaderCompiler
Launched and connected shader compiler UnityShaderCompiler after 0.01 seconds
Refreshing native plugins compatible for Editor in 0.67 ms, found 3 plugins.
Preloading 0 native plugins for Editor in 0.00 ms.
Unloading 4208 Unused Serialized files (Serialized files now loaded: 0)
Unloading 50 unused Assets / (1.3 MB). Loaded Objects now: 4651.
Memory consumption went from 277.8 MB to 276.6 MB.
Total: 3.585454 ms (FindLiveObjects: 0.283254 ms CreateObjectMapping: 0.237979 ms MarkObjects: 2.813528 ms  DeleteObjects: 0.249912 ms)

AssetImportParameters requested are different than current active one (requested -> active):
  custom:video-decoder-ogg-theora: a1e56fd34408186e4bbccfd4996cb3dc -> 
  custom:container-muxer-webm: aa71ff27fc2769a1b78a27578f13a17b -> 
  custom:container-demuxer-webm: 4f35f7cbe854078d1ac9338744f61a02 -> 
  custom:video-encoder-webm-vp8: eb34c28f22e8b96e1ab97ce403110664 -> 
  custom:framework-osx-AVFoundation: e770b220cccbd017edd2c1fefb359320 -> 
  custom:audio-encoder-webm-vorbis: bf7c407c2cedff20999df2af8eb42d56 -> 
  custom:container-demuxer-ogg: 62fdf1f143b41e24485cea50d1cbac27 -> 
  custom:video-decoder-webm-vp8: 9c59270c3fd7afecdb556c50c9e8de78 -> 
  custom:audio-decoder-ogg-vorbis: bf7c407c2cedff20999df2af8eb42d56 -> 
========================================================================
Received Import Request.
  Time since last request: 5301.243614 seconds.
  path: Assets/ex04/BallMaterial.physicsMaterial2D
  artifactKey: Guid(80ef70d2d099241dd9c89cc45b006c52) Importer(815301076,1909f56bfc062723c751e8b465ee728b)
Start importing Assets/ex04/BallMaterial.physicsMaterial2D using Guid(80ef70d2d099241dd9c89cc45b006c52) Importer(815301076,1909f56bfc062723c751e8b465ee728b)  -> (artifact id: '23dcf7ae5487c9e2ce3ea019de9ad195') in 0.705621 seconds 
========================================================================
Received Import Request.
  Time since last request: 0.000067 seconds.
  path: Assets/ex04/Scenes
  artifactKey: Guid(4f38307da34c54a2b8851fdea1be622d) Importer(815301076,1909f56bfc062723c751e8b465ee728b)
Start importing Assets/ex04/Scenes using Guid(4f38307da34c54a2b8851fdea1be622d) Importer(815301076,1909f56bfc062723c751e8b465ee728b)  -> (artifact id: 'a144cc440f50539f73001b92b3e0abba') in 0.000656 seconds 
========================================================================
Received Import Request.
  Time since last request: 0.000135 seconds.
  path: Assets/ex04/Scenes/GameOver.unity
  artifactKey: Guid(2c682fcc01c01462bbf03f29a27b8779) Importer(815301076,1909f56bfc062723c751e8b465ee728b)
Start importing Assets/ex04/Scenes/GameOver.unity using Guid(2c682fcc01c01462bbf03f29a27b8779) Importer(815301076,1909f56bfc062723c751e8b465ee728b)  -> (artifact id: 'e6c55c132dc1bdc5d669b1666902640c') in 0.000892 seconds 
========================================================================
Received Import Request.
  Time since last request: 0.000105 seconds.
  path: Assets/ex04
  artifactKey: Guid(8ebb49e207d8d4ad095823443dfe7b1f) Importer(815301076,1909f56bfc062723c751e8b465ee728b)
Start importing Assets/ex04 using Guid(8ebb49e207d8d4ad095823443dfe7b1f) Importer(815301076,1909f56bfc062723c751e8b465ee728b)  -> (artifact id: '8e06e1e1f2cd3e39ea5303f4533557a8') in 0.000756 seconds 
========================================================================
Received Import Request.
  Time since last request: 0.108069 seconds.
  path: Assets/ex04/Scenes/SceneEx04.unity
  artifactKey: Guid(7e2d3b86b84494a40b946baeb0a85427) Importer(815301076,1909f56bfc062723c751e8b465ee728b)
Start importing Assets/ex04/Scenes/SceneEx04.unity using Guid(7e2d3b86b84494a40b946baeb0a85427) Importer(815301076,1909f56bfc062723c751e8b465ee728b)  -> (artifact id: '98f57d81b6654a35c221d884fe577b68') in 0.004647 seconds 
========================================================================
Received Import Request.
  Time since last request: 136.317457 seconds.
  path: Assets/ex04/Scripts/ChangeScene.cs
  artifactKey: Guid(e138c05af896f4693b801bbfc6cfcd8a) Importer(815301076,1909f56bfc062723c751e8b465ee728b)
Start importing Assets/ex04/Scripts/ChangeScene.cs using Guid(e138c05af896f4693b801bbfc6cfcd8a) Importer(815301076,1909f56bfc062723c751e8b465ee728b)  -> (artifact id: '23787ad6af764488bed0462c5503519f') in 0.261830 seconds 
